# JRE version: Java(TM) SE Runtime Environment (7.0_51-b13) (build 1.7.0_51-b13)
# Java VM: Java HotSpot(TM) 64-Bit Server VM (24.51-b03 mixed mode windows-amd64 compressed oops)
Heap
 PSYoungGen      total 57344K, used 43673K [0x00000000eaa80000, 0x00000000eea00000, 0x0000000100000000)
  eden space 49664K, 72% used [0x00000000eaa80000,0x00000000ecdae1e0,0x00000000edb00000)
  from space 7680K, 99% used [0x00000000ee280000,0x00000000ee9f85d8,0x00000000eea00000)
  to   space 7680K, 0% used [0x00000000edb00000,0x00000000edb00000,0x00000000ee280000)
 ParOldGen       total 129536K, used 2753K [0x00000000c0000000, 0x00000000c7e80000, 0x00000000eaa80000)
  object space 129536K, 2% used [0x00000000c0000000,0x00000000c02b0770,0x00000000c7e80000)
 PSPermGen       total 21504K, used 21329K [0x00000000b0000000, 0x00000000b1500000, 0x00000000c0000000)
  object space 21504K, 99% used [0x00000000b0000000,0x00000000b14d46e0,0x00000000b1500000)
GC Heap History (4 events):
Event: 1.964 GC heap before
{Heap before GC invocations=1 (full 0):
 PSYoungGen      total 57344K, used 49664K [0x00000000eaa80000, 0x00000000eea00000, 0x0000000100000000)
  eden space 49664K, 100% used [0x00000000eaa80000,0x00000000edb00000,0x00000000edb00000)
  from space 7680K, 0% used [0x00000000ee280000,0x00000000ee280000,0x00000000eea00000)
  to   space 7680K, 0% used [0x00000000edb00000,0x00000000edb00000,0x00000000ee280000)
 ParOldGen       total 129536K, used 0K [0x00000000c0000000, 0x00000000c7e80000, 0x00000000eaa80000)
  object space 129536K, 0% used [0x00000000c0000000,0x00000000c0000000,0x00000000c7e80000)
 PSPermGen       total 21504K, used 9948K [0x00000000b0000000, 0x00000000b1500000, 0x00000000c0000000)
  object space 21504K, 46% used [0x00000000b0000000,0x00000000b09b7040,0x00000000b1500000)
Event: 1.977 GC heap after
Heap after GC invocations=1 (full 0):
 PSYoungGen      total 57344K, used 7171K [0x00000000eaa80000, 0x00000000eea00000, 0x0000000100000000)
  eden space 49664K, 0% used [0x00000000eaa80000,0x00000000eaa80000,0x00000000edb00000)
  from space 7680K, 93% used [0x00000000edb00000,0x00000000ee200d68,0x00000000ee280000)
  to   space 7680K, 0% used [0x00000000ee280000,0x00000000ee280000,0x00000000eea00000)
 ParOldGen       total 129536K, used 8K [0x00000000c0000000, 0x00000000c7e80000, 0x00000000eaa80000)
  object space 129536K, 0% used [0x00000000c0000000,0x00000000c0002000,0x00000000c7e80000)
 PSPermGen       total 21504K, used 9948K [0x00000000b0000000, 0x00000000b1500000, 0x00000000c0000000)
  object space 21504K, 46% used [0x00000000b0000000,0x00000000b09b7040,0x00000000b1500000)
}
Event: 3.798 GC heap before
{Heap before GC invocations=2 (full 0):
 PSYoungGen      total 57344K, used 56835K [0x00000000eaa80000, 0x00000000eea00000, 0x0000000100000000)
  eden space 49664K, 100% used [0x00000000eaa80000,0x00000000edb00000,0x00000000edb00000)
  from space 7680K, 93% used [0x00000000edb00000,0x00000000ee200d68,0x00000000ee280000)
  to   space 7680K, 0% used [0x00000000ee280000,0x00000000ee280000,0x00000000eea00000)
 ParOldGen       total 129536K, used 8K [0x00000000c0000000, 0x00000000c7e80000, 0x00000000eaa80000)
  object space 129536K, 0% used [0x00000000c0000000,0x00000000c0002000,0x00000000c7e80000)
 PSPermGen       total 21504K, used 17715K [0x00000000b0000000, 0x00000000b1500000, 0x00000000c0000000)
  object space 21504K, 82% used [0x00000000b0000000,0x00000000b114cd28,0x00000000b1500000)
Event: 3.818 GC heap after
Heap after GC invocations=2 (full 0):
 PSYoungGen      total 57344K, used 7649K [0x00000000eaa80000, 0x00000000eea00000, 0x0000000100000000)
  eden space 49664K, 0% used [0x00000000eaa80000,0x00000000eaa80000,0x00000000edb00000)
  from space 7680K, 99% used [0x00000000ee280000,0x00000000ee9f85d8,0x00000000eea00000)
  to   space 7680K, 0% used [0x00000000edb00000,0x00000000edb00000,0x00000000ee280000)
 ParOldGen       total 129536K, used 2753K [0x00000000c0000000, 0x00000000c7e80000, 0x00000000eaa80000)
  object space 129536K, 2% used [0x00000000c0000000,0x00000000c02b0770,0x00000000c7e80000)
 PSPermGen       total 21504K, used 17715K [0x00000000b0000000, 0x00000000b1500000, 0x00000000c0000000)
  object space 21504K, 82% used [0x00000000b0000000,0x00000000b114cd28,0x00000000b1500000)
}

